<?xml version="1.0" encoding="UTF-8"?>
<testsuite xmlns:xsi="http://www.w3.org/2001/XMLSchema-instance" xsi:noNamespaceSchemaLocation="https://maven.apache.org/surefire/maven-surefire-plugin/xsd/surefire-test-report-3.0.xsd" version="3.0" name="com.alcazaba.facturacion.service.CalculoServiceTest" time="0.056" tests="7" errors="0" skipped="0" failures="0">
  <properties>
[...]
</properties>
  <testcase name="redondeoHaciaArriba" classname="com.alcazaba.facturacion.service.CalculoServiceTest" time="0.028"/>
  <testcase name="entradaConIvaCalculaBaseHaciaAtras" classname="com.alcazaba.facturacion.service.CalculoServiceTest" time="0.001"/>
  <testcase name="lineaExentaSinCuota" classname="com.alcazaba.facturacion.service.CalculoServiceTest" time="0.005"/>
  <testcase name="ajusteDeCentimosEnLaMayorBase" classname="com.alcazaba.facturacion.service.CalculoServiceTest" time="0.001"/>
  <testcase name="descuentoConUnSoloTipoDeIva" classname="com.alcazaba.facturacion.service.CalculoServiceTest" time="0.0"/>
  <testcase name="descuentoConVariosTiposDeIvaReparteBases" classname="com.alcazaba.facturacion.service.CalculoServiceTest" time="0.0"/>
  <testcase name="variosTiposDeIvaSinDescuento" classname="com.alcazaba.facturacion.service.CalculoServiceTest" time="0.0"/>
</testsuite>